<?xml version="1.0" encoding="UTF-8"?>
<testng-results skipped="0" failed="0" ignored="0" total="1" passed="1">
  <reporter-output>
  </reporter-output>
  <suite name="ChromeTestDriver" duration-ms="1587" started-at="2019-08-09T16:19:45Z" finished-at="2019-08-09T16:19:47Z">
    <groups>
    </groups>
    <test name="TestAddrBook" duration-ms="1587" started-at="2019-08-09T16:19:45Z" finished-at="2019-08-09T16:19:47Z">
      <class name="TestNG.TestAddressBook">
        <test-method status="PASS" signature="verifyAddressBook()[pri:0, instance:TestNG.TestAddressBook@34033bd0]" name="verifyAddressBook" duration-ms="1573" started-at="2019-08-09T21:49:45Z" finished-at="2019-08-09T21:49:47Z">
          <reporter-output>
          </reporter-output>
        </test-method> <!-- verifyAddressBook -->
      </class> <!-- TestNG.TestAddressBook -->
    </test> <!-- TestAddrBook -->
  </suite> <!-- ChromeTestDriver -->
</testng-results>
