<?xml version="1.0" encoding="UTF-8"?>
<testng-results skipped="0" failed="0" ignored="0" total="1" passed="1">
  <reporter-output>
  </reporter-output>
  <suite name="Default suite" duration-ms="1763" started-at="2019-08-09T16:18:45Z" finished-at="2019-08-09T16:18:47Z">
    <groups>
    </groups>
    <test name="Default test" duration-ms="1763" started-at="2019-08-09T16:18:45Z" finished-at="2019-08-09T16:18:47Z">
      <class name="TestNG.TestAddressBook">
        <test-method status="PASS" signature="verifyAddressBook()[pri:0, instance:TestNG.TestAddressBook@215be6bb]" name="verifyAddressBook" duration-ms="1745" started-at="2019-08-09T21:48:45Z" finished-at="2019-08-09T21:48:47Z">
          <reporter-output>
          </reporter-output>
        </test-method> <!-- verifyAddressBook -->
      </class> <!-- TestNG.TestAddressBook -->
    </test> <!-- Default test -->
  </suite> <!-- Default suite -->
</testng-results>
